#
# There is insufficient memory for the Java Runtime Environment to continue.
# Native memory allocation (mmap) failed to map 257949696 bytes for G1 virtual space
# Possible reasons:
#   The system is out of physical RAM or swap space
#   The process is running with CompressedOops enabled, and the Java Heap may be blocking the growth of the native heap
# Possible solutions:
#   Reduce memory load on the system
#   Increase physical memory or swap space
#   Check if swap backing store is full
#   Decrease Java heap size (-Xmx/-Xms)
#   Decrease number of Java threads
#   Decrease Java thread stack sizes (-Xss)
#   Set larger code cache with -XX:ReservedCodeCacheSize=
#   JVM is running with Zero Based Compressed Oops mode in which the Java heap is
#     placed in the first 32GB address space. The Java Heap base address is the
#     maximum limit for the native heap growth. Please use -XX:HeapBaseMinAddress
#     to set the Java Heap base and to place the Java Heap above 32GB virtual address.
# This output file may be truncated or incomplete.
#
#  Out of Memory Error (os_windows.cpp:3527), pid=6672, tid=7740
#
# JRE version:  (19.0.1+10) (build )
# Java VM: Java HotSpot(TM) 64-Bit Server VM (19.0.1+10-21, mixed mode, sharing, tiered, compressed oops, compressed class ptrs, g1 gc, windows-amd64)
# No core dump will be written. Minidumps are not enabled by default on client versions of Windows
#

---------------  S U M M A R Y ------------

Command Line: -XX:+ShowCodeDetailsInExceptionMessages main.Main

Host: AMD Ryzen 5 5500U with Radeon Graphics         , 12 cores, 15G,  Windows 10 , 64 bit Build 19041 (10.0.19041.2364)
Time: Tue May  9 13:51:11 2023 SE Asia Standard Time elapsed time: 0.029125 seconds (0d 0h 0m 0s)

---------------  T H R E A D  ---------------

Current thread (0x0000019a1967bfa0):  JavaThread "Unknown thread" [_thread_in_vm, id=7740, stack(0x00000048dba00000,0x00000048dbb00000)]

Stack: [0x00000048dba00000,0x00000048dbb00000]
Native frames: (J=compiled Java code, j=interpreted, Vv=VM code, C=native code)
V  [jvm.dll+0x6ee8fa]
V  [jvm.dll+0x857a1e]
V  [jvm.dll+0x85940e]
V  [jvm.dll+0x859ac3]
V  [jvm.dll+0x28291f]
V  [jvm.dll+0x6eb6e9]
V  [jvm.dll+0x6e028a]
V  [jvm.dll+0x357136]
V  [jvm.dll+0x35eb96]
V  [jvm.dll+0x3b555e]
V  [jvm.dll+0x3b578f]
V  [jvm.dll+0x32c6ea]
V  [jvm.dll+0x32d59e]
V  [jvm.dll+0x821b20]
V  [jvm.dll+0x3c27c1]
V  [jvm.dll+0x8022f1]
V  [jvm.dll+0x44b30f]
V  [jvm.dll+0x44cc91]
C  [jli.dll+0x5287]
C  [ucrtbase.dll+0x21bb2]
C  [KERNEL32.DLL+0x17614]
C  [ntdll.dll+0x526a1]


---------------  P R O C E S S  ---------------

Threads class SMR info:
_java_thread_list=0x00007ffa21c6d048, length=0, elements={
}

Java Threads: ( => current thread )

Other Threads:
  0x0000019a196ea920 WorkerThread "GC Thread#0" [stack: 0x00000048dbb00000,0x00000048dbc00000] [id=12032]
  0x0000019a196fce00 ConcurrentGCThread "G1 Main Marker" [stack: 0x00000048dbc00000,0x00000048dbd00000] [id=20448]
  0x0000019a196fdde0 WorkerThread "G1 Conc#0" [stack: 0x00000048dbd00000,0x00000048dbe00000] [id=21840]

[error occurred during error reporting (printing all threads), id 0xc0000005, EXCEPTION_ACCESS_VIOLATION (0xc0000005) at pc=0x00007ffa2142d127]

VM state: not at safepoint (not fully initialized)

VM Mutex/Monitor currently owned by a thread:  ([mutex/lock_event])
[0x0000019a19676fa0] Heap_lock - owner thread: 0x0000019a1967bfa0

Heap address: 0x000000070a400000, size: 3932 MB, Compressed Oops mode: Zero based, Oop shift amount: 3

CDS archive(s) mapped at: [0x0000000000000000-0x0000000000000000-0x0000000000000000), size 0, SharedBaseAddress: 0x0000000800000000, ArchiveRelocationMode: 0.
Narrow klass base: 0x0000000000000000, Narrow klass shift: 0, Narrow klass range: 0x0

GC Precious Log:
 CardTable entry size: 512
 Card Set container configuration: InlinePtr #cards 4 size 8 Array Of Cards #cards 16 size 48 Howl #buckets 8 coarsen threshold 3686 Howl Bitmap #cards 512 size 80 coarsen threshold 460 Card regions per heap region 1 cards per card region 4096

Heap:
 garbage-first heap   total 0K, used 0K [0x000000070a400000, 0x0000000800000000)
  region size 2048K, 0 young (0K), 0 survivors (0K)

[error occurred during error reporting (printing heap information), id 0xc0000005, EXCEPTION_ACCESS_VIOLATION (0xc0000005) at pc=0x00007ffa21836959]

GC Heap History (0 events):
No events

Dll operation events (1 events):
Event: 0.018 Loaded shared library C:\Program Files\Java\jdk-19\bin\java.dll

Deoptimization events (0 events):
No events

Classes loaded (0 events):
No events

Classes unloaded (0 events):
No events

Classes redefined (0 events):
No events

Internal exceptions (0 events):
No events

VM Operations (0 events):
No events

Events (0 events):
No events


Dynamic libraries:
0x00007ff613810000 - 0x00007ff613820000 	C:\Program Files\Java\jdk-19\bin\java.exe
0x00007ffabb470000 - 0x00007ffabb668000 	C:\Windows\SYSTEM32\ntdll.dll
0x00007ffab94e0000 - 0x00007ffab959f000 	C:\Windows\System32\KERNEL32.DLL
0x00007ffab8c00000 - 0x00007ffab8ed2000 	C:\Windows\System32\KERNELBASE.dll
0x00007ffab93b0000 - 0x00007ffab94b0000 	C:\Windows\System32\ucrtbase.dll
0x00007ffaacfc0000 - 0x00007ffaacfdb000 	C:\Program Files\Java\jdk-19\bin\VCRUNTIME140.dll
0x00007ffaacf30000 - 0x00007ffaacf48000 	C:\Program Files\Java\jdk-19\bin\jli.dll
0x00007ffabb380000 - 0x00007ffabb42e000 	C:\Windows\System32\ADVAPI32.dll
0x00007ffab9760000 - 0x00007ffab97fe000 	C:\Windows\System32\msvcrt.dll
0x00007ffabaa10000 - 0x00007ffabaaac000 	C:\Windows\System32\sechost.dll
0x00007ffab9d50000 - 0x00007ffab9e75000 	C:\Windows\System32\RPCRT4.dll
0x00007ffab9840000 - 0x00007ffab99e1000 	C:\Windows\System32\USER32.dll
0x00007ffab90e0000 - 0x00007ffab9102000 	C:\Windows\System32\win32u.dll
0x00007ffab7f60000 - 0x00007ffab81fa000 	C:\Windows\WinSxS\amd64_microsoft.windows.common-controls_6595b64144ccf1df_6.0.19041.1110_none_60b5254171f9507e\COMCTL32.dll
0x00007ffab94b0000 - 0x00007ffab94db000 	C:\Windows\System32\GDI32.dll
0x00007ffab9160000 - 0x00007ffab926f000 	C:\Windows\System32\gdi32full.dll
0x00007ffab9040000 - 0x00007ffab90dd000 	C:\Windows\System32\msvcp_win.dll
0x00007ffab6880000 - 0x00007ffab688a000 	C:\Windows\SYSTEM32\VERSION.dll
0x00007ffab9800000 - 0x00007ffab9832000 	C:\Windows\System32\IMM32.DLL
0x00007ffab2720000 - 0x00007ffab272c000 	C:\Program Files\Java\jdk-19\bin\vcruntime140_1.dll
0x00007ffa7e3e0000 - 0x00007ffa7e46e000 	C:\Program Files\Java\jdk-19\bin\msvcp140.dll
0x00007ffa210f0000 - 0x00007ffa21db0000 	C:\Program Files\Java\jdk-19\bin\server\jvm.dll
0x00007ffab5bb0000 - 0x00007ffab5bd7000 	C:\Windows\SYSTEM32\WINMM.dll
0x00007ffa926f0000 - 0x00007ffa926f9000 	C:\Windows\SYSTEM32\WSOCK32.dll
0x00007ffaba9a0000 - 0x00007ffabaa0b000 	C:\Windows\System32\WS2_32.dll
0x00007ffab6590000 - 0x00007ffab65a2000 	C:\Windows\SYSTEM32\kernel.appcore.dll
0x00007ffaacf20000 - 0x00007ffaacf2a000 	C:\Program Files\Java\jdk-19\bin\jimage.dll
0x00007ffab8510000 - 0x00007ffab86f4000 	C:\Windows\SYSTEM32\DBGHELP.DLL
0x00007ffab84d0000 - 0x00007ffab8505000 	C:\Windows\SYSTEM32\dbgcore.DLL
0x00007ffab9270000 - 0x00007ffab92f2000 	C:\Windows\System32\bcryptPrimitives.dll
0x00007ffaacb20000 - 0x00007ffaacb46000 	C:\Program Files\Java\jdk-19\bin\java.dll

dbghelp: loaded successfully - version: 4.0.5 - missing functions: none
symbol engine: initialized successfully - sym options: 0x614 - pdb path: .;C:\Program Files\Java\jdk-19\bin;C:\Windows\SYSTEM32;C:\Windows\WinSxS\amd64_microsoft.windows.common-controls_6595b64144ccf1df_6.0.19041.1110_none_60b5254171f9507e;C:\Program Files\Java\jdk-19\bin\server

VM Arguments:
jvm_args: -XX:+ShowCodeDetailsInExceptionMessages 
java_command: main.Main
java_class_path (initial): C:\Users\DELL\AppData\Roaming\Code\User\workspaceStorage\d34b12dcb4420ae63d94698e9caf6a7c\redhat.java\jdt_ws\Games2D-projects_cd7bc2f4\bin
Launcher Type: SUN_STANDARD

[Global flags]
     intx CICompilerCount                          = 4                                         {product} {ergonomic}
     uint ConcGCThreads                            = 3                                         {product} {ergonomic}
     uint G1ConcRefinementThreads                  = 10                                        {product} {ergonomic}
   size_t G1HeapRegionSize                         = 2097152                                   {product} {ergonomic}
    uintx GCDrainStackTargetSize                   = 64                                        {product} {ergonomic}
   size_t InitialHeapSize                          = 257949696                                 {product} {ergonomic}
   size_t MarkStackSize                            = 4194304                                   {product} {ergonomic}
   size_t MaxHeapSize                              = 4123000832                                {product} {ergonomic}
   size_t MinHeapDeltaBytes                        = 2097152                                   {product} {ergonomic}
   size_t MinHeapSize                              = 8388608                                   {product} {ergonomic}
    uintx NonNMethodCodeHeapSize                   = 5839372                                {pd product} {ergonomic}
    uintx NonProfiledCodeHeapSize                  = 122909434                              {pd product} {ergonomic}
    uintx ProfiledCodeHeapSize                     = 122909434                              {pd product} {ergonomic}
    uintx ReservedCodeCacheSize                    = 251658240                              {pd product} {ergonomic}
     bool SegmentedCodeCache                       = true                                      {product} {ergonomic}
     bool ShowCodeDetailsInExceptionMessages       = true                                   {manageable} {command line}
   size_t SoftMaxHeapSize                          = 4123000832                             {manageable} {ergonomic}
     bool UseCompressedClassPointers               = true                           {product lp64_product} {ergonomic}
     bool UseCompressedOops                        = true                           {product lp64_product} {ergonomic}
     bool UseG1GC                                  = true                                      {product} {ergonomic}
     bool UseLargePagesIndividualAllocation        = false                                  {pd product} {ergonomic}

Logging:
Log output configuration:
 #0: stdout all=warning uptime,level,tags foldmultilines=false
 #1: stderr all=off uptime,level,tags foldmultilines=false

Environment Variables:
PATH=C:\Program Files\Common Files\Oracle\Java\javapath;C:\Program Files (x86)\Common Files\Oracle\Java\javapath;C:\ProgramData\Oracle\Java\javapath;C:\Windows\system32;C:\Windows;C:\Windows\System32\Wbem;C:\Windows\System32\WindowsPowerShell\v1.0\;C:\Windows\System32\OpenSSH\;C:\mingw64\bin;C:\Program Files\dotnet\;C:\Program Files\Git\cmd;C:\Users\DELL\AppData\Local\Microsoft\WindowsApps;C:\Users\DELL\AppData\Local\Programs\Microsoft VS Code\bin;C:\ProgramData\DELL\GitHubDesktop\bin;C:\ProgramData\Dell\GitHubDesktop\bin
USERNAME=DELL
LANG=en_US.UTF-8
OS=Windows_NT
PROCESSOR_IDENTIFIER=AMD64 Family 23 Model 104 Stepping 1, AuthenticAMD
TMP=C:\Users\DELL\AppData\Local\Temp
TEMP=C:\Users\DELL\AppData\Local\Temp



---------------  S Y S T E M  ---------------

OS:
 Windows 10 , 64 bit Build 19041 (10.0.19041.2364)
OS uptime: 0 days 19:31 hours

CPU: total 12 (initial active 12) (12 cores per cpu, 2 threads per core) family 23 model 104 stepping 1 microcode 0x0, cx8, cmov, fxsr, ht, mmx, 3dnowpref, sse, sse2, sse3, ssse3, sse4a, sse4.1, sse4.2, popcnt, lzcnt, tsc, tscinvbit, avx, avx2, aes, clmul, bmi1, bmi2, adx, sha, fma, vzeroupper, clflush, clflushopt, rdtscp, rdpid

Memory: 4k page, system-wide physical 15720M (448M free)
TotalPageFile size 44038M (AvailPageFile size 77M)
current process WorkingSet (physical memory assigned to process): 10M, peak: 10M
current process commit charge ("private bytes"): 64M, peak: 310M

vm_info: Java HotSpot(TM) 64-Bit Server VM (19.0.1+10-21) for windows-amd64 JRE (19.0.1+10-21), built on 2022-09-14T12:45:06Z by "mach5one" with MS VC++ 17.1 (VS2022)

END.
